Vivado Simulator 2019.1
Copyright 1986-1999, 2001-2019 Xilinx, Inc. All Rights Reserved.
Running: C:/Xilinx/Vivado/2019.1/bin/unwrapped/win64.o/xelab.exe -wto ebd73aae45f9424b8ba21fcb76464893 --incr --debug typical --relax --mt 2 -L xil_defaultlib -L unisims_ver -L unimacro_ver -L secureip --snapshot test_add_behav xil_defaultlib.test_add xil_defaultlib.glbl -log elaborate.log 
Using 2 slave threads.
Starting static elaboration
WARNING: [VRFC 10-3091] actual bit length 7 differs from formal bit length 8 for port 'i0' [C:/Users/elo102/Downloads/Lab2idk.xpr/Lab2/Lab2.srcs/sources_1/new/TopLevel.v:50]
WARNING: [VRFC 10-3091] actual bit length 7 differs from formal bit length 8 for port 'i1' [C:/Users/elo102/Downloads/Lab2idk.xpr/Lab2/Lab2.srcs/sources_1/new/TopLevel.v:51]
WARNING: [VRFC 10-3091] actual bit length 7 differs from formal bit length 8 for port 'y' [C:/Users/elo102/Downloads/Lab2idk.xpr/Lab2/Lab2.srcs/sources_1/new/TopLevel.v:52]
WARNING: [VRFC 10-3091] actual bit length 1 differs from formal bit length 8 for port 'i0' [C:/Users/elo102/Downloads/Lab2idk.xpr/Lab2/Lab2.srcs/sources_1/new/AddSub8.v:42]
Completed static elaboration
Starting simulation data flow analysis
Completed simulation data flow analysis
Time Resolution for simulation is 1ps
Compiling module xil_defaultlib.mux2to1_8bit
Compiling module xil_defaultlib.FA
Compiling module xil_defaultlib.Add8
Compiling module xil_defaultlib.AddSub8
Compiling module xil_defaultlib.hex7seg
Compiling module unisims_ver.IBUF
Compiling module unisims_ver.MMCME2_ADV(CLKFBOUT_MULT_F=9.125...
Compiling module unisims_ver.BUFG
Compiling module xil_defaultlib.clk_wiz_0
Compiling module unisims_ver.GND
Compiling module unisims_ver.x_lut2_mux4
Compiling module unisims_ver.LUT2
Compiling module unisims_ver.XOR2
Compiling module unisims_ver.FDCE_default
Compiling module xil_defaultlib.FTCE_MXILINX_clkcntrl4
Compiling module unisims_ver.LUT4
Compiling module unisims_ver.AND4
Compiling module unisims_ver.x_lut3_mux8
Compiling module unisims_ver.LUT3
Compiling module unisims_ver.AND3
Compiling module unisims_ver.AND2
Compiling module unisims_ver.VCC
Compiling module xil_defaultlib.CB4CE_MXILINX_clkcntrl4
Compiling module unisims_ver.BUF
Compiling module xil_defaultlib.clkcntrl4
Compiling module unisims_ver.STARTUPE2
Compiling module xil_defaultlib.lab2_digsel
Compiling module xil_defaultlib.TopLevel
Compiling module xil_defaultlib.test_add
Compiling module xil_defaultlib.glbl
Built simulation snapshot test_add_behav
