Copyright 1986-2019 Xilinx, Inc. All Rights Reserved.
--------------------------------------------------------------------------------------
| Tool Version : Vivado v.2019.1 (win64) Build 2552052 Fri May 24 14:49:42 MDT 2019
| Date         : Tue Feb 20 10:13:56 2024
| Host         : MIA-TAYLOR running 64-bit major release  (build 9200)
| Command      : report_control_sets -verbose -file top_level_control_sets_placed.rpt
| Design       : top_level
| Device       : xc7a35t
--------------------------------------------------------------------------------------

Control Set Information

Table of Contents
-----------------
1. Summary
2. Histogram
3. Flip-Flop Distribution
4. Detailed Control Set Information

1. Summary
----------

+----------------------------------------------------------+-------+
|                          Status                          | Count |
+----------------------------------------------------------+-------+
| Total control sets                                       |    12 |
|    Minimum number of control sets                        |    12 |
|    Addition due to synthesis replication                 |     0 |
|    Addition due to physical synthesis replication        |     0 |
| Unused register locations in slices containing registers |    49 |
+----------------------------------------------------------+-------+
* Control sets can be merged at opt_design using control_set_merge or merge_equivalent_drivers
** Run report_qor_suggestions for automated merging and remapping suggestions


2. Histogram
------------

+--------------------+-------+
|       Fanout       | Count |
+--------------------+-------+
| Total control sets |    12 |
| >= 0 to < 4        |     3 |
| >= 4 to < 6        |     7 |
| >= 6 to < 8        |     0 |
| >= 8 to < 10       |     1 |
| >= 10 to < 12      |     0 |
| >= 12 to < 14      |     0 |
| >= 14 to < 16      |     0 |
| >= 16              |     1 |
+--------------------+-------+
* Control sets can be remapped at either synth_design or opt_design


3. Flip-Flop Distribution
-------------------------

+--------------+-----------------------+------------------------+-----------------+--------------+
| Clock Enable | Synchronous Set/Reset | Asynchronous Set/Reset | Total Registers | Total Slices |
+--------------+-----------------------+------------------------+-----------------+--------------+
| No           | No                    | No                     |              40 |           16 |
| No           | No                    | Yes                    |               0 |            0 |
| No           | Yes                   | No                     |              11 |            4 |
| Yes          | No                    | No                     |              21 |            6 |
| Yes          | No                    | Yes                    |               0 |            0 |
| Yes          | Yes                   | No                     |               7 |            2 |
+--------------+-----------------------+------------------------+-----------------+--------------+


4. Detailed Control Set Information
-----------------------------------

+--------------------------------+-----------------------------------------+-------------------------+------------------+----------------+
|          Clock Signal          |              Enable Signal              |     Set/Reset Signal    | Slice Load Count | Bel Load Count |
+--------------------------------+-----------------------------------------+-------------------------+------------------+----------------+
|  slowit/slowclk/MSCLK_CNT4ff_3 | slowit/slowclk/qsec3                    |                         |                1 |              1 |
|  slowit/slowclk/MSCLK_CNT4ff_3 |                                         | halfsec_Maker/halfsec   |                1 |              2 |
|  slowit/slowclk/MSCLK_CNT4ff_3 | slowit/slowclk/XLXI_45/XLXN_79          | slowit/slowclk/qsec3    |                1 |              3 |
|  slowit/my_clk_inst/clk_out1   |                                         |                         |                1 |              4 |
|  slowit/my_clk_inst/clk_out1   | slowit/slowclk/XLXI_38/XLXN_70          |                         |                1 |              4 |
|  slowit/my_clk_inst/clk_out1   | slowit/slowclk/XLXI_37/MSCLK_CNT4ff_2_0 |                         |                1 |              4 |
|  slowit/slowclk/MSCLK_CNT4ff_3 |                                         | slowit/slowclk/qsec3    |                1 |              4 |
|  slowit/slowclk/MSCLK_CNT4ff_3 | slowit/slowclk/XLXI_40/XLXN_75          |                         |                1 |              4 |
|  slowit/slowclk/MSCLK_CNT4ff_3 | slowit/slowclk/XLXI_49/MSCLK_CNT4ff_2_0 | slowit/slowclk/qsec3    |                1 |              4 |
|  slowit/slowclk/MSCLK_CNT4ff_3 |                                         | StateMachine/ResetTimer |                2 |              5 |
|  slowit/slowclk/MSCLK_CNT4ff_3 | StateMachine/ready_0                    |                         |                2 |              8 |
|  slowit/slowclk/MSCLK_CNT4ff_3 |                                         |                         |               15 |             36 |
+--------------------------------+-----------------------------------------+-------------------------+------------------+----------------+


